03/14/2022 05:00:03 PM - https://app.argatech.com/api/sensors - /200 - Email Was Sent Successfully
03/14/2022 06:00:06 PM - https://app.argatech.com/api/sensors - /200 - Email Was Sent Successfully
03/14/2022 07:00:03 PM - https://app.argatech.com/api/sensors - /200 - Email Was Sent Successfully
03/14/2022 08:00:02 PM - https://app.argatech.com/api/sensors - /200 - Email Was Sent Successfully
03/14/2022 09:00:02 PM - https://app.argatech.com/api/sensors - /200 - Email Was Sent Successfully
03/14/2022 10:00:05 PM - https://app.argatech.com/api/sensors - /200 - Email Was Sent Successfully
03/14/2022 11:00:04 PM - https://app.argatech.com/api/sensors - /200 - Email Was Sent Successfully
03/15/2022 12:00:02 AM - https://app.argatech.com/api/sensors - /200 - Email Was Sent Successfully
03/15/2022 01:00:01 AM - https://app.argatech.com/api/sensors - /200 - Email Was Sent Successfully
03/15/2022 02:00:03 AM - https://app.argatech.com/api/sensors - /200 - Email Was Sent Successfully
03/15/2022 03:00:04 AM - https://app.argatech.com/api/sensors - /200 - Email Was Sent Successfully
03/15/2022 04:00:03 AM - https://app.argatech.com/api/sensors - /200 - Email Was Sent Successfully
03/15/2022 05:00:03 AM - https://app.argatech.com/api/sensors - /200 - Email Was Sent Successfully
03/15/2022 06:00:03 AM - https://app.argatech.com/api/sensors - /200 - Email Was Sent Successfully
03/15/2022 07:00:04 AM - https://app.argatech.com/api/sensors - /200 - Email Was Sent Successfully
03/15/2022 08:00:04 AM - https://app.argatech.com/api/sensors - /200 - Email Was Sent Successfully
03/15/2022 09:00:03 AM - https://app.argatech.com/api/sensors - /200 - Email Was Sent Successfully
03/15/2022 10:00:03 AM - https://app.argatech.com/api/sensors - /200 - Email Was Sent Successfully
03/15/2022 11:00:02 AM - https://app.argatech.com/api/sensors - /200 - Email Was Sent Successfully
03/15/2022 12:00:02 PM - https://app.argatech.com/api/sensors - /200 - Email Was Sent Successfully
03/15/2022 01:00:02 PM - https://app.argatech.com/api/sensors - /200 - Email Was Sent Successfully
03/15/2022 02:00:03 PM - https://app.argatech.com/api/sensors - /200 - Email Was Sent Successfully
03/15/2022 03:00:03 PM - https://app.argatech.com/api/sensors - /200 - Email Was Sent Successfully
03/15/2022 04:00:02 PM - https://app.argatech.com/api/sensors - /200 - Email Was Sent Successfully
03/15/2022 05:00:02 PM - https://app.argatech.com/api/sensors - /200 - Email Was Sent Successfully
03/15/2022 06:00:02 PM - https://app.argatech.com/api/sensors - /200 - Email Was Sent Successfully
03/15/2022 07:00:02 PM - https://app.argatech.com/api/sensors - /200 - Email Was Sent Successfully
03/15/2022 08:00:02 PM - https://app.argatech.com/api/sensors - /200 - Email Was Sent Successfully
03/15/2022 09:00:01 PM - https://app.argatech.com/api/sensors - /200 - Email Was Sent Successfully
03/15/2022 10:00:01 PM - https://app.argatech.com/api/sensors - /200 - Email Was Sent Successfully
03/15/2022 11:00:03 PM - https://app.argatech.com/api/sensors - /200 - Email Was Sent Successfully
03/16/2022 12:00:02 AM - https://app.argatech.com/api/sensors - /200 - Email Was Sent Successfully
03/16/2022 01:00:03 AM - https://app.argatech.com/api/sensors - /200 - Email Was Sent Successfully
03/16/2022 02:00:01 AM - https://app.argatech.com/api/sensors - /200 - Email Was Sent Successfully
03/16/2022 03:00:03 AM - https://app.argatech.com/api/sensors - /200 - Email Was Sent Successfully
03/16/2022 04:00:02 AM - https://app.argatech.com/api/sensors - /200 - Email Was Sent Successfully
03/16/2022 05:00:02 AM - https://app.argatech.com/api/sensors - /200 - Email Was Sent Successfully
03/16/2022 06:00:04 AM - https://app.argatech.com/api/sensors - /200 - Email Was Sent Successfully
03/16/2022 07:00:05 AM - https://app.argatech.com/api/sensors - /200 - Email Was Sent Successfully
03/16/2022 08:00:04 AM - https://app.argatech.com/api/sensors - /200 - Email Was Sent Successfully
03/16/2022 09:00:03 AM - https://app.argatech.com/api/sensors - /200 - Email Was Sent Successfully
03/16/2022 10:00:03 AM - https://app.argatech.com/api/sensors - /200 - Email Was Sent Successfully
03/16/2022 11:00:05 AM - https://app.argatech.com/api/sensors - /200 - Email Was Sent Successfully
03/16/2022 12:00:02 PM - https://app.argatech.com/api/sensors - /200 - Email Was Sent Successfully
03/16/2022 01:00:03 PM - https://app.argatech.com/api/sensors - /200 - Email Was Sent Successfully
03/16/2022 02:00:04 PM - https://app.argatech.com/api/sensors - /200 - Email Was Sent Successfully
03/16/2022 03:00:02 PM - https://app.argatech.com/api/sensors - /200 - Email Was Sent Successfully
03/16/2022 04:00:02 PM - https://app.argatech.com/api/sensors - /200 - Email Was Sent Successfully
03/16/2022 05:00:03 PM - https://app.argatech.com/api/sensors - /200 - Email Was Sent Successfully
03/16/2022 06:00:03 PM - https://app.argatech.com/api/sensors - /200 - Email Was Sent Successfully
03/16/2022 07:00:01 PM - https://app.argatech.com/api/sensors - /200 - Email Was Sent Successfully
03/16/2022 08:00:03 PM - https://app.argatech.com/api/sensors - /200 - Email Was Sent Successfully
03/16/2022 09:00:02 PM - https://app.argatech.com/api/sensors - /200 - Email Was Sent Successfully
03/16/2022 10:00:03 PM - https://app.argatech.com/api/sensors - /200 - SMTP Error: The following recipients failed: fajrin.lathif@ptdh.co.id: Temporary local problem - please try later
ali.impron@ptdh.co.id: Temporary local problem - please try later

03/16/2022 11:00:02 PM - https://app.argatech.com/api/sensors - /200 - Email Was Sent Successfully
03/17/2022 12:00:03 AM - https://app.argatech.com/api/sensors - /200 - Email Was Sent Successfully
03/17/2022 01:00:02 AM - https://app.argatech.com/api/sensors - /200 - Email Was Sent Successfully
03/17/2022 02:00:02 AM - https://app.argatech.com/api/sensors - /200 - Email Was Sent Successfully
03/17/2022 03:00:04 AM - https://app.argatech.com/api/sensors - /200 - Email Was Sent Successfully
03/17/2022 04:00:02 AM - https://app.argatech.com/api/sensors - /200 - Email Was Sent Successfully
03/17/2022 05:00:03 AM - https://app.argatech.com/api/sensors - /200 - Email Was Sent Successfully
03/17/2022 06:00:04 AM - https://app.argatech.com/api/sensors - /200 - Email Was Sent Successfully
03/17/2022 07:00:02 AM - https://app.argatech.com/api/sensors - /200 - Email Was Sent Successfully
03/17/2022 08:00:04 AM - https://app.argatech.com/api/sensors - /200 - Email Was Sent Successfully
03/17/2022 09:00:02 AM - https://app.argatech.com/api/sensors - /200 - Email Was Sent Successfully
03/17/2022 10:00:03 AM - https://app.argatech.com/api/sensors - /200 - Email Was Sent Successfully
03/17/2022 11:00:02 AM - https://app.argatech.com/api/sensors - /200 - Email Was Sent Successfully
03/17/2022 12:00:03 PM - https://app.argatech.com/api/sensors - /200 - Email Was Sent Successfully
03/17/2022 01:00:02 PM - https://app.argatech.com/api/sensors - /200 - Email Was Sent Successfully
03/17/2022 02:00:01 PM - https://app.argatech.com/api/sensors - /200 - Email Was Sent Successfully
03/17/2022 03:00:04 PM - https://app.argatech.com/api/sensors - /200 - Email Was Sent Successfully
03/17/2022 04:00:05 PM - https://app.argatech.com/api/sensors - /200 - Email Was Sent Successfully
03/17/2022 05:00:03 PM - https://app.argatech.com/api/sensors - /200 - Email Was Sent Successfully
03/17/2022 06:00:01 PM - https://app.argatech.com/api/sensors - /200 - Email Was Sent Successfully
03/17/2022 07:00:01 PM - https://app.argatech.com/api/sensors - /200 - Email Was Sent Successfully
03/17/2022 08:00:04 PM - https://app.argatech.com/api/sensors - /200 - Email Was Sent Successfully
03/17/2022 09:00:02 PM - https://app.argatech.com/api/sensors - /200 - Email Was Sent Successfully
03/17/2022 10:00:03 PM - https://app.argatech.com/api/sensors - /200 - Email Was Sent Successfully
03/17/2022 11:00:04 PM - https://app.argatech.com/api/sensors - /200 - Email Was Sent Successfully
03/18/2022 12:00:04 AM - https://app.argatech.com/api/sensors - /200 - Email Was Sent Successfully
03/18/2022 01:00:02 AM - https://app.argatech.com/api/sensors - /200 - Email Was Sent Successfully
03/18/2022 02:00:02 AM - https://app.argatech.com/api/sensors - /200 - Email Was Sent Successfully
03/18/2022 03:00:03 AM - https://app.argatech.com/api/sensors - /200 - Email Was Sent Successfully
03/18/2022 04:00:05 AM - https://app.argatech.com/api/sensors - /200 - Email Was Sent Successfully
03/18/2022 05:00:02 AM - https://app.argatech.com/api/sensors - /200 - Email Was Sent Successfully
03/18/2022 06:00:04 AM - https://app.argatech.com/api/sensors - /200 - Email Was Sent Successfully
03/18/2022 07:00:03 AM - https://app.argatech.com/api/sensors - /200 - Email Was Sent Successfully
03/18/2022 08:00:04 AM - https://app.argatech.com/api/sensors - /200 - Email Was Sent Successfully
03/18/2022 09:00:03 AM - https://app.argatech.com/api/sensors - /200 - Email Was Sent Successfully
03/18/2022 10:00:01 AM - https://app.argatech.com/api/sensors - /200 - Email Was Sent Successfully
03/18/2022 11:00:02 AM - https://app.argatech.com/api/sensors - /200 - Email Was Sent Successfully
03/18/2022 12:00:05 PM - https://app.argatech.com/api/sensors - /200 - Email Was Sent Successfully
03/18/2022 01:00:02 PM - https://app.argatech.com/api/sensors - /200 - Email Was Sent Successfully
03/18/2022 02:00:02 PM - https://app.argatech.com/api/sensors - /200 - Email Was Sent Successfully
03/18/2022 03:00:02 PM - https://app.argatech.com/api/sensors - /200 - Email Was Sent Successfully
03/18/2022 04:00:02 PM - https://app.argatech.com/api/sensors - /200 - Email Was Sent Successfully
03/18/2022 05:00:03 PM - https://app.argatech.com/api/sensors - /200 - Email Was Sent Successfully
03/18/2022 06:00:02 PM - https://app.argatech.com/api/sensors - /200 - Email Was Sent Successfully
03/18/2022 07:00:04 PM - https://app.argatech.com/api/sensors - /200 - Email Was Sent Successfully
03/18/2022 08:00:03 PM - https://app.argatech.com/api/sensors - /200 - Email Was Sent Successfully
03/18/2022 09:00:02 PM - https://app.argatech.com/api/sensors - /200 - Email Was Sent Successfully
03/18/2022 10:00:02 PM - https://app.argatech.com/api/sensors - /200 - Email Was Sent Successfully
03/18/2022 11:00:03 PM - https://app.argatech.com/api/sensors - /200 - Email Was Sent Successfully
03/19/2022 12:00:03 AM - https://app.argatech.com/api/sensors - /200 - Email Was Sent Successfully
03/19/2022 01:00:02 AM - https://app.argatech.com/api/sensors - /200 - Email Was Sent Successfully
03/19/2022 02:00:03 AM - https://app.argatech.com/api/sensors - /200 - Email Was Sent Successfully
03/19/2022 03:00:03 AM - https://app.argatech.com/api/sensors - /200 - Email Was Sent Successfully
03/19/2022 04:00:01 AM - https://app.argatech.com/api/sensors - /200 - Email Was Sent Successfully
03/19/2022 05:00:02 AM - https://app.argatech.com/api/sensors - /200 - Email Was Sent Successfully
03/19/2022 06:00:03 AM - https://app.argatech.com/api/sensors - /200 - Email Was Sent Successfully
03/19/2022 07:00:03 AM - https://app.argatech.com/api/sensors - /200 - Email Was Sent Successfully
03/19/2022 08:00:02 AM - https://app.argatech.com/api/sensors - /200 - Email Was Sent Successfully
03/19/2022 09:00:04 AM - https://app.argatech.com/api/sensors - /200 - Email Was Sent Successfully
03/19/2022 10:00:03 AM - https://app.argatech.com/api/sensors - /200 - Email Was Sent Successfully
03/19/2022 11:00:01 AM - https://app.argatech.com/api/sensors - /200 - Email Was Sent Successfully
03/19/2022 12:00:02 PM - https://app.argatech.com/api/sensors - /200 - Email Was Sent Successfully
03/19/2022 01:00:03 PM - https://app.argatech.com/api/sensors - /200 - Email Was Sent Successfully
03/19/2022 02:00:02 PM - https://app.argatech.com/api/sensors - /200 - Email Was Sent Successfully
03/19/2022 03:00:03 PM - https://app.argatech.com/api/sensors - /200 - Email Was Sent Successfully
03/19/2022 04:00:03 PM - https://app.argatech.com/api/sensors - /200 - Email Was Sent Successfully
03/19/2022 05:00:03 PM - https://app.argatech.com/api/sensors - /200 - Email Was Sent Successfully
03/19/2022 06:00:03 PM - https://app.argatech.com/api/sensors - /200 - Email Was Sent Successfully
03/19/2022 07:00:03 PM - https://app.argatech.com/api/sensors - /200 - Email Was Sent Successfully
03/19/2022 08:00:03 PM - https://app.argatech.com/api/sensors - /200 - Email Was Sent Successfully
03/19/2022 09:00:04 PM - https://app.argatech.com/api/sensors - /200 - Email Was Sent Successfully
03/19/2022 10:00:03 PM - https://app.argatech.com/api/sensors - /200 - Email Was Sent Successfully
03/19/2022 11:00:03 PM - https://app.argatech.com/api/sensors - /200 - Email Was Sent Successfully
03/20/2022 12:00:03 AM - https://app.argatech.com/api/sensors - /200 - Email Was Sent Successfully
03/20/2022 01:00:02 AM - https://app.argatech.com/api/sensors - /200 - Email Was Sent Successfully
03/20/2022 02:00:03 AM - https://app.argatech.com/api/sensors - /200 - Email Was Sent Successfully
03/20/2022 03:00:02 AM - https://app.argatech.com/api/sensors - /200 - Email Was Sent Successfully
03/20/2022 04:00:02 AM - https://app.argatech.com/api/sensors - /200 - Email Was Sent Successfully
03/20/2022 05:00:03 AM - https://app.argatech.com/api/sensors - /200 - Email Was Sent Successfully
03/20/2022 06:00:03 AM - https://app.argatech.com/api/sensors - /200 - Email Was Sent Successfully
03/20/2022 07:00:04 AM - https://app.argatech.com/api/sensors - /200 - Email Was Sent Successfully
03/20/2022 08:00:02 AM - https://app.argatech.com/api/sensors - /200 - Email Was Sent Successfully
03/20/2022 09:00:01 AM - https://app.argatech.com/api/sensors - /200 - Email Was Sent Successfully
03/20/2022 10:00:05 AM - https://app.argatech.com/api/sensors - /200 - Email Was Sent Successfully
03/20/2022 11:00:03 AM - https://app.argatech.com/api/sensors - /200 - Email Was Sent Successfully
03/20/2022 12:00:04 PM - https://app.argatech.com/api/sensors - /200 - Email Was Sent Successfully
03/20/2022 01:00:04 PM - https://app.argatech.com/api/sensors - /200 - Email Was Sent Successfully
03/20/2022 02:00:02 PM - https://app.argatech.com/api/sensors - /200 - Email Was Sent Successfully
03/20/2022 03:00:02 PM - https://app.argatech.com/api/sensors - /200 - Email Was Sent Successfully
03/20/2022 04:00:04 PM - https://app.argatech.com/api/sensors - /200 - Email Was Sent Successfully
03/20/2022 05:00:03 PM - https://app.argatech.com/api/sensors - /200 - Email Was Sent Successfully
03/20/2022 06:00:03 PM - https://app.argatech.com/api/sensors - /200 - Email Was Sent Successfully
03/20/2022 07:00:02 PM - https://app.argatech.com/api/sensors - /200 - Email Was Sent Successfully
03/20/2022 08:00:01 PM - https://app.argatech.com/api/sensors - /200 - Email Was Sent Successfully
03/20/2022 09:00:01 PM - https://app.argatech.com/api/sensors - /200 - Email Was Sent Successfully
03/20/2022 10:00:02 PM - https://app.argatech.com/api/sensors - /200 - Email Was Sent Successfully
03/20/2022 11:00:03 PM - https://app.argatech.com/api/sensors - /200 - Email Was Sent Successfully
03/21/2022 12:00:03 AM - https://app.argatech.com/api/sensors - /200 - Email Was Sent Successfully
03/21/2022 01:00:02 AM - https://app.argatech.com/api/sensors - /200 - Email Was Sent Successfully
03/21/2022 02:00:02 AM - https://app.argatech.com/api/sensors - /200 - Email Was Sent Successfully
03/21/2022 03:00:02 AM - https://app.argatech.com/api/sensors - /200 - Email Was Sent Successfully
03/21/2022 04:00:03 AM - https://app.argatech.com/api/sensors - /200 - Email Was Sent Successfully
03/21/2022 05:00:04 AM - https://app.argatech.com/api/sensors - /200 - Email Was Sent Successfully
03/21/2022 06:00:04 AM - https://app.argatech.com/api/sensors - /200 - Email Was Sent Successfully
03/21/2022 07:00:03 AM - https://app.argatech.com/api/sensors - /200 - Email Was Sent Successfully
03/21/2022 08:00:03 AM - https://app.argatech.com/api/sensors - /200 - Email Was Sent Successfully
03/21/2022 09:00:02 AM - https://app.argatech.com/api/sensors - /200 - Email Was Sent Successfully
03/21/2022 10:00:03 AM - https://app.argatech.com/api/sensors - /200 - Email Was Sent Successfully
03/21/2022 11:00:02 AM - https://app.argatech.com/api/sensors - /200 - Email Was Sent Successfully
03/21/2022 12:00:05 PM - https://app.argatech.com/api/sensors - /200 - Email Was Sent Successfully
03/21/2022 01:00:02 PM - https://app.argatech.com/api/sensors - /200 - Email Was Sent Successfully
03/21/2022 02:00:03 PM - https://app.argatech.com/api/sensors - /200 - Email Was Sent Successfully
03/21/2022 03:00:02 PM - https://app.argatech.com/api/sensors - /200 - Email Was Sent Successfully
03/21/2022 04:00:04 PM - https://app.argatech.com/api/sensors - /200 - Email Was Sent Successfully
03/21/2022 05:00:02 PM - https://app.argatech.com/api/sensors - /200 - Email Was Sent Successfully
03/21/2022 06:00:02 PM - https://app.argatech.com/api/sensors - /200 - Email Was Sent Successfully
03/21/2022 07:00:04 PM - https://app.argatech.com/api/sensors - /200 - Email Was Sent Successfully
03/21/2022 08:00:04 PM - https://app.argatech.com/api/sensors - /200 - Email Was Sent Successfully
03/21/2022 09:00:03 PM - https://app.argatech.com/api/sensors - /200 - Email Was Sent Successfully
03/21/2022 10:00:04 PM - https://app.argatech.com/api/sensors - /200 - Email Was Sent Successfully
03/21/2022 11:00:03 PM - https://app.argatech.com/api/sensors - /200 - Email Was Sent Successfully
03/22/2022 12:00:07 AM - https://app.argatech.com/api/sensors - /200 - Email Was Sent Successfully
03/22/2022 01:00:03 AM - https://app.argatech.com/api/sensors - /200 - Email Was Sent Successfully
03/22/2022 02:00:02 AM - https://app.argatech.com/api/sensors - /200 - Email Was Sent Successfully
03/22/2022 03:00:04 AM - https://app.argatech.com/api/sensors - /200 - Email Was Sent Successfully
03/22/2022 04:00:02 AM - https://app.argatech.com/api/sensors - /200 - Email Was Sent Successfully
03/22/2022 05:00:02 AM - https://app.argatech.com/api/sensors - /200 - Email Was Sent Successfully
03/22/2022 06:00:03 AM - https://app.argatech.com/api/sensors - /200 - Email Was Sent Successfully
03/22/2022 07:00:03 AM - https://app.argatech.com/api/sensors - /200 - Email Was Sent Successfully
03/22/2022 08:00:03 AM - https://app.argatech.com/api/sensors - /200 - Email Was Sent Successfully
03/22/2022 09:00:02 AM - https://app.argatech.com/api/sensors - /200 - Email Was Sent Successfully
03/22/2022 10:00:02 AM - https://app.argatech.com/api/sensors - /200 - Email Was Sent Successfully
03/22/2022 11:00:04 AM - https://app.argatech.com/api/sensors - /200 - Email Was Sent Successfully
03/22/2022 12:00:02 PM - https://app.argatech.com/api/sensors - /200 - Email Was Sent Successfully
03/22/2022 01:00:02 PM - https://app.argatech.com/api/sensors - /200 - Email Was Sent Successfully
03/22/2022 02:00:05 PM - https://app.argatech.com/api/sensors - /200 - Email Was Sent Successfully
03/22/2022 03:00:03 PM - https://app.argatech.com/api/sensors - /200 - Email Was Sent Successfully
03/22/2022 04:00:01 PM - https://app.argatech.com/api/sensors - /200 - Email Was Sent Successfully
03/22/2022 05:00:01 PM - https://app.argatech.com/api/sensors - /200 - Email Was Sent Successfully
03/22/2022 06:00:04 PM - https://app.argatech.com/api/sensors - /200 - Email Was Sent Successfully
03/22/2022 07:00:03 PM - https://app.argatech.com/api/sensors - /200 - Email Was Sent Successfully
03/22/2022 08:00:04 PM - https://app.argatech.com/api/sensors - /200 - Email Was Sent Successfully
03/22/2022 09:00:25 PM - https://app.argatech.com/api/sensors - /400 - SMTP Error: Could not connect to SMTP host.
03/22/2022 10:00:25 PM - https://app.argatech.com/api/sensors - /400 - SMTP Error: Could not connect to SMTP host.
03/22/2022 11:00:03 PM - https://app.argatech.com/api/sensors - /200 - Email Was Sent Successfully
03/23/2022 12:00:25 AM - https://app.argatech.com/api/sensors - /400 - Email Was Sent Successfully
03/23/2022 01:00:02 AM - https://app.argatech.com/api/sensors - /200 - Email Was Sent Successfully
03/23/2022 02:00:02 AM - https://app.argatech.com/api/sensors - /200 - Email Was Sent Successfully
03/23/2022 03:00:02 AM - https://app.argatech.com/api/sensors - /200 - Email Was Sent Successfully
03/23/2022 04:00:02 AM - https://app.argatech.com/api/sensors - /200 - Email Was Sent Successfully
03/23/2022 05:00:04 AM - https://app.argatech.com/api/sensors - /200 - Email Was Sent Successfully
03/23/2022 06:00:03 AM - https://app.argatech.com/api/sensors - /200 - Email Was Sent Successfully
03/23/2022 07:00:04 AM - https://app.argatech.com/api/sensors - /200 - Email Was Sent Successfully
03/23/2022 08:00:04 AM - https://app.argatech.com/api/sensors - /200 - Email Was Sent Successfully
03/23/2022 09:00:01 AM - https://app.argatech.com/api/sensors - /200 - Email Was Sent Successfully
03/23/2022 10:00:02 AM - https://app.argatech.com/api/sensors - /200 - Email Was Sent Successfully
03/23/2022 11:00:03 AM - https://app.argatech.com/api/sensors - /200 - Email Was Sent Successfully
03/23/2022 12:00:03 PM - https://app.argatech.com/api/sensors - /200 - Email Was Sent Successfully
03/23/2022 01:00:03 PM - https://app.argatech.com/api/sensors - /200 - Email Was Sent Successfully
03/23/2022 02:00:02 PM - https://app.argatech.com/api/sensors - /200 - Email Was Sent Successfully
03/23/2022 03:00:02 PM - https://app.argatech.com/api/sensors - /200 - Email Was Sent Successfully
03/23/2022 04:00:03 PM - https://app.argatech.com/api/sensors - /200 - Email Was Sent Successfully
03/23/2022 05:00:03 PM - https://app.argatech.com/api/sensors - /200 - Email Was Sent Successfully
03/23/2022 06:00:03 PM - https://app.argatech.com/api/sensors - /200 - Email Was Sent Successfully
03/23/2022 07:00:04 PM - https://app.argatech.com/api/sensors - /200 - Email Was Sent Successfully
03/23/2022 08:00:02 PM - https://app.argatech.com/api/sensors - /200 - Email Was Sent Successfully
03/23/2022 09:00:02 PM - https://app.argatech.com/api/sensors - /200 - Email Was Sent Successfully
03/23/2022 10:00:02 PM - https://app.argatech.com/api/sensors - /200 - Email Was Sent Successfully
03/23/2022 11:00:04 PM - https://app.argatech.com/api/sensors - /200 - Email Was Sent Successfully
03/24/2022 12:00:02 AM - https://app.argatech.com/api/sensors - /200 - Email Was Sent Successfully
03/24/2022 01:00:03 AM - https://app.argatech.com/api/sensors - /200 - Email Was Sent Successfully
03/24/2022 02:00:02 AM - https://app.argatech.com/api/sensors - /200 - Email Was Sent Successfully
03/24/2022 03:00:03 AM - https://app.argatech.com/api/sensors - /200 - Email Was Sent Successfully
03/24/2022 04:00:02 AM - https://app.argatech.com/api/sensors - /200 - Email Was Sent Successfully
03/24/2022 05:00:02 AM - https://app.argatech.com/api/sensors - /200 - Email Was Sent Successfully
03/24/2022 06:00:03 AM - https://app.argatech.com/api/sensors - /200 - Email Was Sent Successfully
03/24/2022 07:00:04 AM - https://app.argatech.com/api/sensors - /200 - Email Was Sent Successfully
03/24/2022 08:00:06 AM - https://app.argatech.com/api/sensors - /200 - Email Was Sent Successfully
03/24/2022 09:00:02 AM - https://app.argatech.com/api/sensors - /200 - Email Was Sent Successfully
03/24/2022 10:00:01 AM - https://app.argatech.com/api/sensors - /200 - Email Was Sent Successfully
03/24/2022 11:00:03 AM - https://app.argatech.com/api/sensors - /200 - Email Was Sent Successfully
03/24/2022 12:00:05 PM - https://app.argatech.com/api/sensors - /200 - Email Was Sent Successfully
03/24/2022 01:00:03 PM - https://app.argatech.com/api/sensors - /200 - Email Was Sent Successfully
03/24/2022 02:00:02 PM - https://app.argatech.com/api/sensors - /200 - Email Was Sent Successfully
03/24/2022 03:00:03 PM - https://app.argatech.com/api/sensors - /200 - Email Was Sent Successfully
03/24/2022 04:00:03 PM - https://app.argatech.com/api/sensors - /200 - Email Was Sent Successfully
03/24/2022 05:00:03 PM - https://app.argatech.com/api/sensors - /200 - Email Was Sent Successfully
03/24/2022 06:00:01 PM - https://app.argatech.com/api/sensors - /200 - Email Was Sent Successfully
03/24/2022 07:00:03 PM - https://app.argatech.com/api/sensors - /200 - Email Was Sent Successfully
03/24/2022 08:00:01 PM - https://app.argatech.com/api/sensors - /200 - Email Was Sent Successfully
03/24/2022 09:00:02 PM - https://app.argatech.com/api/sensors - /200 - Email Was Sent Successfully
03/24/2022 10:00:03 PM - https://app.argatech.com/api/sensors - /200 - Email Was Sent Successfully
03/24/2022 11:00:03 PM - https://app.argatech.com/api/sensors - /200 - Email Was Sent Successfully
03/25/2022 12:00:02 AM - https://app.argatech.com/api/sensors - /200 - Email Was Sent Successfully
03/25/2022 01:00:02 AM - https://app.argatech.com/api/sensors - /200 - Email Was Sent Successfully
03/25/2022 02:00:01 AM - https://app.argatech.com/api/sensors - /200 - Email Was Sent Successfully
03/25/2022 03:00:01 AM - https://app.argatech.com/api/sensors - /200 - Email Was Sent Successfully
03/25/2022 04:00:03 AM - https://app.argatech.com/api/sensors - /200 - Email Was Sent Successfully
03/25/2022 05:00:02 AM - https://app.argatech.com/api/sensors - /200 - Email Was Sent Successfully
03/25/2022 06:00:02 AM - https://app.argatech.com/api/sensors - /200 - Email Was Sent Successfully
03/25/2022 07:00:04 AM - https://app.argatech.com/api/sensors - /200 - Email Was Sent Successfully
03/25/2022 08:00:04 AM - https://app.argatech.com/api/sensors - /200 - Email Was Sent Successfully
03/25/2022 09:00:05 AM - https://app.argatech.com/api/sensors - /200 - Email Was Sent Successfully
03/25/2022 10:00:02 AM - https://app.argatech.com/api/sensors - /200 - Email Was Sent Successfully
03/25/2022 11:00:02 AM - https://app.argatech.com/api/sensors - /200 - Email Was Sent Successfully
03/25/2022 12:00:05 PM - https://app.argatech.com/api/sensors - /200 - Email Was Sent Successfully
03/25/2022 01:00:04 PM - https://app.argatech.com/api/sensors - /200 - Email Was Sent Successfully
03/25/2022 02:00:03 PM - https://app.argatech.com/api/sensors - /200 - Email Was Sent Successfully
03/25/2022 03:00:04 PM - https://app.argatech.com/api/sensors - /200 - Email Was Sent Successfully
03/25/2022 04:00:04 PM - https://app.argatech.com/api/sensors - /200 - Email Was Sent Successfully
03/25/2022 05:00:02 PM - https://app.argatech.com/api/sensors - /200 - Email Was Sent Successfully
03/25/2022 06:00:01 PM - https://app.argatech.com/api/sensors - /200 - Email Was Sent Successfully
03/25/2022 07:00:04 PM - https://app.argatech.com/api/sensors - /200 - Email Was Sent Successfully
03/25/2022 08:00:01 PM - https://app.argatech.com/api/sensors - /200 - Email Was Sent Successfully
03/25/2022 09:00:02 PM - https://app.argatech.com/api/sensors - /200 - Email Was Sent Successfully
03/25/2022 10:00:03 PM - https://app.argatech.com/api/sensors - /200 - Email Was Sent Successfully
03/25/2022 11:00:02 PM - https://app.argatech.com/api/sensors - /200 - Email Was Sent Successfully
03/26/2022 12:00:03 AM - https://app.argatech.com/api/sensors - /200 - Email Was Sent Successfully
03/26/2022 01:00:01 AM - https://app.argatech.com/api/sensors - /200 - Email Was Sent Successfully
03/26/2022 02:00:02 AM - https://app.argatech.com/api/sensors - /200 - Email Was Sent Successfully
03/26/2022 03:00:01 AM - https://app.argatech.com/api/sensors - /200 - Email Was Sent Successfully
03/26/2022 04:00:01 AM - https://app.argatech.com/api/sensors - /200 - Email Was Sent Successfully
03/26/2022 05:00:02 AM - https://app.argatech.com/api/sensors - /200 - Email Was Sent Successfully
03/26/2022 06:00:02 AM - https://app.argatech.com/api/sensors - /200 - Email Was Sent Successfully
03/26/2022 07:00:04 AM - https://app.argatech.com/api/sensors - /200 - Email Was Sent Successfully
03/26/2022 08:00:03 AM - https://app.argatech.com/api/sensors - /200 - Email Was Sent Successfully
03/26/2022 09:00:03 AM - https://app.argatech.com/api/sensors - /200 - Email Was Sent Successfully
03/26/2022 10:00:03 AM - https://app.argatech.com/api/sensors - /200 - Email Was Sent Successfully
03/26/2022 11:00:03 AM - https://app.argatech.com/api/sensors - /200 - Email Was Sent Successfully
03/26/2022 12:00:04 PM - https://app.argatech.com/api/sensors - /200 - Email Was Sent Successfully
03/26/2022 01:00:02 PM - https://app.argatech.com/api/sensors - /200 - Email Was Sent Successfully
03/26/2022 02:00:02 PM - https://app.argatech.com/api/sensors - /200 - Email Was Sent Successfully
03/26/2022 03:00:26 PM - https://app.argatech.com/api/sensors - /400 - SMTP Error: Could not connect to SMTP host.
03/26/2022 04:00:26 PM - https://app.argatech.com/api/sensors - /400 - SMTP Error: Could not connect to SMTP host.
03/26/2022 05:00:26 PM - https://app.argatech.com/api/sensors - /400 - SMTP Error: Could not connect to SMTP host.
03/26/2022 06:00:26 PM - https://app.argatech.com/api/sensors - /400 - SMTP Error: Could not connect to SMTP host.
03/26/2022 07:00:02 PM - https://app.argatech.com/api/sensors - /200 - Email Was Sent Successfully
03/26/2022 08:00:05 PM - https://app.argatech.com/api/sensors - /200 - Email Was Sent Successfully
03/26/2022 09:00:04 PM - https://app.argatech.com/api/sensors - /200 - Email Was Sent Successfully
03/26/2022 10:00:01 PM - https://app.argatech.com/api/sensors - /200 - Email Was Sent Successfully
03/26/2022 11:00:02 PM - https://app.argatech.com/api/sensors - /200 - Email Was Sent Successfully
03/27/2022 12:00:02 AM - https://app.argatech.com/api/sensors - /200 - Email Was Sent Successfully
03/27/2022 01:00:01 AM - https://app.argatech.com/api/sensors - /200 - Email Was Sent Successfully
03/27/2022 02:00:02 AM - https://app.argatech.com/api/sensors - /200 - Email Was Sent Successfully
03/27/2022 03:00:02 AM - https://app.argatech.com/api/sensors - /200 - Email Was Sent Successfully
03/27/2022 04:00:02 AM - https://app.argatech.com/api/sensors - /200 - Email Was Sent Successfully
03/27/2022 05:00:01 AM - https://app.argatech.com/api/sensors - /200 - Email Was Sent Successfully
03/27/2022 06:00:02 AM - https://app.argatech.com/api/sensors - /200 - Email Was Sent Successfully
03/27/2022 07:00:03 AM - https://app.argatech.com/api/sensors - /200 - Email Was Sent Successfully
03/27/2022 08:00:01 AM - https://app.argatech.com/api/sensors - /200 - Email Was Sent Successfully
03/27/2022 09:00:01 AM - https://app.argatech.com/api/sensors - /200 - Email Was Sent Successfully
03/27/2022 10:00:04 AM - https://app.argatech.com/api/sensors - /200 - Email Was Sent Successfully
03/27/2022 11:00:01 AM - https://app.argatech.com/api/sensors - /200 - Email Was Sent Successfully
03/27/2022 12:00:02 PM - https://app.argatech.com/api/sensors - /200 - Email Was Sent Successfully
03/27/2022 01:00:02 PM - https://app.argatech.com/api/sensors - /200 - Email Was Sent Successfully
03/27/2022 02:00:02 PM - https://app.argatech.com/api/sensors - /200 - Email Was Sent Successfully
03/27/2022 03:00:01 PM - https://app.argatech.com/api/sensors - /200 - Email Was Sent Successfully
03/27/2022 04:00:03 PM - https://app.argatech.com/api/sensors - /200 - Email Was Sent Successfully
03/27/2022 05:00:03 PM - https://app.argatech.com/api/sensors - /200 - Email Was Sent Successfully
03/27/2022 06:00:03 PM - https://app.argatech.com/api/sensors - /200 - Email Was Sent Successfully
03/27/2022 07:00:01 PM - https://app.argatech.com/api/sensors - /200 - Email Was Sent Successfully
03/27/2022 08:00:01 PM - https://app.argatech.com/api/sensors - /200 - Email Was Sent Successfully
03/27/2022 09:00:01 PM - https://app.argatech.com/api/sensors - /200 - Email Was Sent Successfully
03/27/2022 10:00:02 PM - https://app.argatech.com/api/sensors - /200 - Email Was Sent Successfully
03/27/2022 11:00:02 PM - https://app.argatech.com/api/sensors - /200 - Email Was Sent Successfully
03/28/2022 12:00:04 AM - https://app.argatech.com/api/sensors - /200 - Email Was Sent Successfully
03/28/2022 01:00:03 AM - https://app.argatech.com/api/sensors - /200 - Email Was Sent Successfully
03/28/2022 02:00:01 AM - https://app.argatech.com/api/sensors - /200 - Email Was Sent Successfully
03/28/2022 03:00:04 AM - https://app.argatech.com/api/sensors - /200 - Email Was Sent Successfully
03/28/2022 04:00:03 AM - https://app.argatech.com/api/sensors - /200 - Email Was Sent Successfully
03/28/2022 05:00:04 AM - https://app.argatech.com/api/sensors - /200 - Email Was Sent Successfully
03/28/2022 06:00:02 AM - https://app.argatech.com/api/sensors - /200 - Email Was Sent Successfully
03/28/2022 07:00:03 AM - https://app.argatech.com/api/sensors - /200 - Email Was Sent Successfully
03/28/2022 08:00:02 AM - https://app.argatech.com/api/sensors - /200 - Email Was Sent Successfully
03/28/2022 09:00:03 AM - https://app.argatech.com/api/sensors - /200 - Email Was Sent Successfully
03/28/2022 10:00:03 AM - https://app.argatech.com/api/sensors - /200 - Email Was Sent Successfully
03/28/2022 11:00:03 AM - https://app.argatech.com/api/sensors - /200 - Email Was Sent Successfully
03/28/2022 12:00:03 PM - https://app.argatech.com/api/sensors - /200 - Email Was Sent Successfully
03/28/2022 01:00:02 PM - https://app.argatech.com/api/sensors - /200 - Email Was Sent Successfully
03/28/2022 02:00:04 PM - https://app.argatech.com/api/sensors - /200 - Email Was Sent Successfully
03/28/2022 03:00:03 PM - https://app.argatech.com/api/sensors - /200 - Email Was Sent Successfully
03/28/2022 04:00:02 PM - https://app.argatech.com/api/sensors - /200 - Email Was Sent Successfully
03/28/2022 05:00:01 PM - https://app.argatech.com/api/sensors - /200 - Email Was Sent Successfully
03/28/2022 06:00:02 PM - https://app.argatech.com/api/sensors - /200 - Email Was Sent Successfully
03/28/2022 07:00:04 PM - https://app.argatech.com/api/sensors - /200 - Email Was Sent Successfully
03/28/2022 08:00:02 PM - https://app.argatech.com/api/sensors - /200 - Email Was Sent Successfully
03/28/2022 09:00:03 PM - https://app.argatech.com/api/sensors - /200 - Email Was Sent Successfully
03/28/2022 10:00:03 PM - https://app.argatech.com/api/sensors - /200 - Email Was Sent Successfully
03/28/2022 11:00:02 PM - https://app.argatech.com/api/sensors - /200 - Email Was Sent Successfully
03/29/2022 12:00:03 AM - https://app.argatech.com/api/sensors - /200 - Email Was Sent Successfully
03/29/2022 01:00:03 AM - https://app.argatech.com/api/sensors - /200 - Email Was Sent Successfully
03/29/2022 02:00:04 AM - https://app.argatech.com/api/sensors - /200 - Email Was Sent Successfully
03/29/2022 03:00:02 AM - https://app.argatech.com/api/sensors - /200 - Email Was Sent Successfully
03/29/2022 04:00:04 AM - https://app.argatech.com/api/sensors - /200 - Email Was Sent Successfully
03/29/2022 05:00:03 AM - https://app.argatech.com/api/sensors - /200 - Email Was Sent Successfully
03/29/2022 06:00:02 AM - https://app.argatech.com/api/sensors - /200 - Email Was Sent Successfully
03/29/2022 07:00:05 AM - https://app.argatech.com/api/sensors - /200 - Email Was Sent Successfully
03/29/2022 08:00:02 AM - https://app.argatech.com/api/sensors - /200 - Email Was Sent Successfully
03/29/2022 09:00:05 AM - https://app.argatech.com/api/sensors - /200 - Email Was Sent Successfully
03/29/2022 10:00:05 AM - https://app.argatech.com/api/sensors - /200 - Email Was Sent Successfully
03/29/2022 11:00:04 AM - https://app.argatech.com/api/sensors - /200 - Email Was Sent Successfully
